<?xml version="1.0" encoding="UTF-8"?>
<testng-results skipped="0" failed="0" ignored="0" total="1" passed="1">
  <reporter-output>
  </reporter-output>
  <suite name="Suite" duration-ms="12629" started-at="2018-03-04T11:55:51Z" finished-at="2018-03-04T11:56:04Z">
    <groups>
    </groups>
    <test name="FirstTest" duration-ms="12629" started-at="2018-03-04T11:55:51Z" finished-at="2018-03-04T11:56:04Z">
      <class name="gitTest.GitTest">
        <test-method status="PASS" signature="loginTest()[pri:0, instance:gitTest.GitTest@3fb6a447]" name="loginTest" duration-ms="12599" started-at="2018-03-04T17:25:51Z" finished-at="2018-03-04T17:26:04Z">
          <reporter-output>
          </reporter-output>
        </test-method> <!-- loginTest -->
      </class> <!-- gitTest.GitTest -->
    </test> <!-- FirstTest -->
  </suite> <!-- Suite -->
</testng-results>
