<?xml version="1.0" encoding="UTF-8"?>
<testng-results skipped="0" failed="0" ignored="0" total="1" passed="1">
  <reporter-output>
  </reporter-output>
  <suite name="Default suite" duration-ms="12462" started-at="2018-02-25T11:41:04Z" finished-at="2018-02-25T11:41:16Z">
    <groups>
    </groups>
    <test name="Default test" duration-ms="12462" started-at="2018-02-25T11:41:04Z" finished-at="2018-02-25T11:41:16Z">
      <class name="gitTest.GitTest">
        <test-method status="PASS" signature="loginTest()[pri:0, instance:gitTest.GitTest@23d2a7e8]" name="loginTest" duration-ms="12401" started-at="2018-02-25T17:11:04Z" finished-at="2018-02-25T17:11:16Z">
          <reporter-output>
          </reporter-output>
        </test-method> <!-- loginTest -->
      </class> <!-- gitTest.GitTest -->
    </test> <!-- Default test -->
  </suite> <!-- Default suite -->
</testng-results>
