<?xml version="1.0" encoding="UTF-8"?>
<testng-results skipped="0" failed="0" ignored="0" total="1" passed="1">
  <reporter-output>
  </reporter-output>
  <suite name="Suite" duration-ms="14093" started-at="2018-03-04T11:54:12Z" finished-at="2018-03-04T11:54:26Z">
    <groups>
    </groups>
    <test name="FirstTest" duration-ms="14093" started-at="2018-03-04T11:54:12Z" finished-at="2018-03-04T11:54:26Z">
      <class name="gitTest.GitTest">
        <test-method status="PASS" signature="loginTest()[pri:0, instance:gitTest.GitTest@23d2a7e8]" name="loginTest" duration-ms="14025" started-at="2018-03-04T17:24:12Z" finished-at="2018-03-04T17:24:26Z">
          <reporter-output>
          </reporter-output>
        </test-method> <!-- loginTest -->
      </class> <!-- gitTest.GitTest -->
    </test> <!-- FirstTest -->
  </suite> <!-- Suite -->
</testng-results>
